<?xml version="1.0" encoding="UTF-8"?>
<testng-results skipped="0" failed="0" total="2" passed="2">
  <reporter-output>
  </reporter-output>
  <suite name="Suite1" duration-ms="17806" started-at="2017-05-04T20:47:11Z" finished-at="2017-05-04T20:47:29Z">
    <groups>
    </groups>
    <test name="regression1" duration-ms="17806" started-at="2017-05-04T20:47:11Z" finished-at="2017-05-04T20:47:29Z">
      <class name="com.testngpractice.Loginpage">
        <test-method status="PASS" signature="setup()[pri:0, instance:com.testngpractice.Loginpage@6615435c]" name="setup" is-config="true" duration-ms="5383" started-at="2017-05-04T13:47:11Z" finished-at="2017-05-04T13:47:17Z">
          <reporter-output>
          </reporter-output>
        </test-method> <!-- setup -->
        <test-method status="PASS" signature="testcase()[pri:0, instance:com.testngpractice.Loginpage@6615435c]" name="testcase" duration-ms="1205" started-at="2017-05-04T13:47:17Z" finished-at="2017-05-04T13:47:18Z">
          <reporter-output>
          </reporter-output>
        </test-method> <!-- testcase -->
        <test-method status="PASS" signature="setdown()[pri:0, instance:com.testngpractice.Loginpage@6615435c]" name="setdown" is-config="true" duration-ms="960" started-at="2017-05-04T13:47:18Z" finished-at="2017-05-04T13:47:19Z">
          <reporter-output>
          </reporter-output>
        </test-method> <!-- setdown -->
      </class> <!-- com.testngpractice.Loginpage -->
      <class name="com.maven.Javanet">
        <test-method status="PASS" signature="setUp()[pri:0, instance:com.maven.Javanet@4cb2c100]" name="setUp" is-config="true" duration-ms="3156" started-at="2017-05-04T13:47:19Z" finished-at="2017-05-04T13:47:22Z">
          <reporter-output>
          </reporter-output>
        </test-method> <!-- setUp -->
        <test-method status="PASS" signature="logoff()[pri:0, instance:com.maven.Javanet@4cb2c100]" name="logoff" duration-ms="6234" started-at="2017-05-04T13:47:22Z" finished-at="2017-05-04T13:47:28Z">
          <reporter-output>
          </reporter-output>
        </test-method> <!-- logoff -->
        <test-method status="PASS" signature="setdown()[pri:0, instance:com.maven.Javanet@4cb2c100]" name="setdown" is-config="true" duration-ms="851" started-at="2017-05-04T13:47:28Z" finished-at="2017-05-04T13:47:29Z">
          <reporter-output>
          </reporter-output>
        </test-method> <!-- setdown -->
      </class> <!-- com.maven.Javanet -->
    </test> <!-- regression1 -->
  </suite> <!-- Suite1 -->
</testng-results>
