<?xml version="1.0" encoding="UTF-8"?>
<testng-results skipped="0" failed="0" total="1" passed="1">
  <reporter-output>
  </reporter-output>
  <suite name="Suite" duration-ms="15459" started-at="2017-07-24T22:19:01Z" finished-at="2017-07-24T22:19:16Z">
    <groups>
      <group name="Regression">
        <method signature="SignInTests.Login_01()[pri:0, instance:com.catalog.tests.SignInTests@2669b199]" name="Login_01" class="com.catalog.tests.SignInTests"/>
      </group> <!-- Regression -->
    </groups>
    <test name="Test" duration-ms="15459" started-at="2017-07-24T22:19:01Z" finished-at="2017-07-24T22:19:16Z">
      <class name="com.catalog.tests.SignInTests">
        <test-method status="PASS" signature="SetUp()[pri:0, instance:com.catalog.tests.SignInTests@2669b199]" name="SetUp" is-config="true" duration-ms="11943" started-at="2017-07-24T15:19:01Z" finished-at="2017-07-24T15:19:13Z">
          <reporter-output>
          </reporter-output>
        </test-method> <!-- SetUp -->
        <test-method status="PASS" signature="Login_01()[pri:0, instance:com.catalog.tests.SignInTests@2669b199]" name="Login_01" duration-ms="2032" started-at="2017-07-24T15:19:13Z" finished-at="2017-07-24T15:19:15Z">
          <reporter-output>
          </reporter-output>
        </test-method> <!-- Login_01 -->
        <test-method status="PASS" signature="tearDown()[pri:0, instance:com.catalog.tests.SignInTests@2669b199]" name="tearDown" is-config="true" duration-ms="1472" started-at="2017-07-24T15:19:15Z" finished-at="2017-07-24T15:19:16Z">
          <reporter-output>
          </reporter-output>
        </test-method> <!-- tearDown -->
      </class> <!-- com.catalog.tests.SignInTests -->
    </test> <!-- Test -->
  </suite> <!-- Suite -->
</testng-results>
