<?xml version="1.0" encoding="UTF-8"?>
<testng-results skipped="0" failed="0" ignored="0" total="1" passed="1">
  <reporter-output>
  </reporter-output>
  <suite name="Default suite" duration-ms="17190" started-at="2017-07-21T21:55:28Z" finished-at="2017-07-21T21:55:45Z">
    <groups>
      <group name="Regression">
        <method signature="SignInTests.Login_01()[pri:0, instance:com.catalog.tests.SignInTests@239963d8]" name="Login_01" class="com.catalog.tests.SignInTests"/>
      </group> <!-- Regression -->
    </groups>
    <test name="Default test" duration-ms="17190" started-at="2017-07-21T21:55:28Z" finished-at="2017-07-21T21:55:45Z">
      <class name="com.catalog.tests.SignInTests">
        <test-method status="PASS" signature="SetUp()[pri:0, instance:com.catalog.tests.SignInTests@239963d8]" name="SetUp" is-config="true" duration-ms="11910" started-at="2017-07-21T14:55:28Z" finished-at="2017-07-21T14:55:40Z">
          <reporter-output>
          </reporter-output>
        </test-method> <!-- SetUp -->
        <test-method status="PASS" signature="Login_01()[pri:0, instance:com.catalog.tests.SignInTests@239963d8]" name="Login_01" duration-ms="3141" started-at="2017-07-21T14:55:40Z" finished-at="2017-07-21T14:55:43Z">
          <reporter-output>
          </reporter-output>
        </test-method> <!-- Login_01 -->
        <test-method status="PASS" signature="tearDown()[pri:0, instance:com.catalog.tests.SignInTests@239963d8]" name="tearDown" is-config="true" duration-ms="2124" started-at="2017-07-21T14:55:43Z" finished-at="2017-07-21T14:55:45Z">
          <reporter-output>
          </reporter-output>
        </test-method> <!-- tearDown -->
      </class> <!-- com.catalog.tests.SignInTests -->
    </test> <!-- Default test -->
  </suite> <!-- Default suite -->
</testng-results>
